[2018-12-17 15:47:41] INFO [main: CodeCraft-2019.py, 21] car_path is config/car.txt
[2018-12-17 15:47:41] INFO [main: CodeCraft-2019.py, 22] road_path is config/road.txt
[2018-12-17 15:47:41] INFO [main: CodeCraft-2019.py, 23] cross_path is config/cross.txt
[2018-12-17 15:47:41] INFO [main: CodeCraft-2019.py, 24] answer_path is config/answer.txt[2019-04-01 11:11:53] INFO [main: CodeCraft-2019.py, 30] car_path is ../config1/car.txt
[2019-04-01 11:11:53] INFO [main: CodeCraft-2019.py, 31] road_path is ../config1/road.txt
[2019-04-01 11:11:53] INFO [main: CodeCraft-2019.py, 32] cross_path is ../config1/cross.txt
[2019-04-01 11:11:53] INFO [main: CodeCraft-2019.py, 33] preset_answer_path is ../config1/presetAnswer.txt
[2019-04-01 11:11:53] INFO [main: CodeCraft-2019.py, 34] answer_path is ../config1/answer.txt
[2019-04-01 11:11:59] INFO [main: CodeCraft-2019.py, 30] car_path is ../config1/car.txt
[2019-04-01 11:11:59] INFO [main: CodeCraft-2019.py, 31] road_path is ../config1/road.txt
[2019-04-01 11:11:59] INFO [main: CodeCraft-2019.py, 32] cross_path is ../config1/cross.txt
[2019-04-01 11:11:59] INFO [main: CodeCraft-2019.py, 33] preset_answer_path is ../config1/presetAnswer.txt
[2019-04-01 11:11:59] INFO [main: CodeCraft-2019.py, 34] answer_path is ../config1/answer.txt
[2019-04-01 11:24:30] DEBUG [_findfont_cached: font_manager.py, 1254] findfont: Matching :family=sans-serif:style=normal:variant=normal:weight=normal:stretch=normal:size=10.0 to DejaVu Sans ('C:\\ProgramData\\Anaconda3\\lib\\site-packages\\matplotlib\\mpl-data\\fonts\\ttf\\DejaVuSans.ttf') with score of 0.050000.
[2019-04-01 11:24:30] DEBUG [_update_title_position: _base.py, 2515] update_title_pos
[2019-04-01 11:24:30] DEBUG [_update_title_position: _base.py, 2515] update_title_pos
[2019-04-01 11:24:30] DEBUG [_update_title_position: _base.py, 2515] update_title_pos
[2019-04-01 11:24:30] DEBUG [_update_title_position: _base.py, 2515] update_title_pos
[2019-04-01 11:24:30] DEBUG [_update_title_position: _base.py, 2515] update_title_pos
[2019-04-01 11:24:30] DEBUG [_update_title_position: _base.py, 2515] update_title_pos
[2019-04-01 11:24:30] DEBUG [_update_title_position: _base.py, 2515] update_title_pos
[2019-04-01 11:24:32] DEBUG [_update_title_position: _base.py, 2515] update_title_pos
[2019-04-01 11:24:32] DEBUG [_update_title_position: _base.py, 2515] update_title_pos
[2019-04-01 11:24:32] DEBUG [_update_title_position: _base.py, 2515] update_title_pos
[2019-04-01 11:24:33] DEBUG [_update_title_position: _base.py, 2515] update_title_pos
[2019-04-01 11:24:33] DEBUG [_update_title_position: _base.py, 2515] update_title_pos
[2019-04-01 11:24:33] DEBUG [_update_title_position: _base.py, 2515] update_title_pos
[2019-04-01 11:24:34] DEBUG [_update_title_position: _base.py, 2515] update_title_pos
[2019-04-01 11:24:34] DEBUG [_update_title_position: _base.py, 2515] update_title_pos
[2019-04-01 11:24:34] DEBUG [_update_title_position: _base.py, 2515] update_title_pos
[2019-04-01 11:24:34] DEBUG [_update_title_position: _base.py, 2515] update_title_pos
[2019-04-01 11:24:34] DEBUG [_update_title_position: _base.py, 2515] update_title_pos
[2019-04-01 11:24:34] DEBUG [_update_title_position: _base.py, 2515] update_title_pos
[2019-04-01 11:24:35] DEBUG [_update_title_position: _base.py, 2515] update_title_pos
[2019-04-01 11:24:35] DEBUG [_findfont_cached: font_manager.py, 1254] findfont: Matching :family=sans-serif:style=normal:variant=normal:weight=normal:stretch=normal:size=12.0 to DejaVu Sans ('C:\\ProgramData\\Anaconda3\\lib\\site-packages\\matplotlib\\mpl-data\\fonts\\ttf\\DejaVuSans.ttf') with score of 0.050000.
[2019-04-01 11:24:35] DEBUG [_update_title_position: _base.py, 2515] update_title_pos
[2019-04-01 11:24:35] DEBUG [_update_title_position: _base.py, 2515] update_title_pos
[2019-04-01 11:24:35] DEBUG [_update_title_position: _base.py, 2515] update_title_pos
[2019-04-01 11:24:35] DEBUG [_update_title_position: _base.py, 2515] update_title_pos
[2019-04-01 11:24:35] DEBUG [_update_title_position: _base.py, 2515] update_title_pos
[2019-04-01 11:24:35] DEBUG [_update_title_position: _base.py, 2515] update_title_pos
[2019-04-01 11:24:35] DEBUG [_update_title_position: _base.py, 2515] update_title_pos
[2019-04-01 11:24:35] DEBUG [_update_title_position: _base.py, 2515] update_title_pos
[2019-04-01 11:24:35] DEBUG [_update_title_position: _base.py, 2515] update_title_pos
[2019-04-01 11:24:35] DEBUG [_update_title_position: _base.py, 2515] update_title_pos
[2019-04-01 11:24:35] DEBUG [_update_title_position: _base.py, 2515] update_title_pos
[2019-04-01 11:24:35] DEBUG [_update_title_position: _base.py, 2515] update_title_pos
[2019-04-01 11:24:35] DEBUG [_update_title_position: _base.py, 2515] update_title_pos
[2019-04-01 11:24:35] DEBUG [_update_title_position: _base.py, 2515] update_title_pos
[2019-04-01 11:24:35] DEBUG [_update_title_position: _base.py, 2515] update_title_pos
[2019-04-01 11:24:35] DEBUG [_update_title_position: _base.py, 2515] update_title_pos
[2019-04-01 11:24:35] DEBUG [_update_title_position: _base.py, 2515] update_title_pos
[2019-04-01 11:24:35] DEBUG [_update_title_position: _base.py, 2515] update_title_pos
[2019-04-01 11:24:35] DEBUG [_update_title_position: _base.py, 2515] update_title_pos
[2019-04-01 11:24:35] DEBUG [_update_title_position: _base.py, 2515] update_title_pos
[2019-04-01 11:24:35] DEBUG [_update_title_position: _base.py, 2515] update_title_pos
[2019-04-01 11:24:35] DEBUG [_update_title_position: _base.py, 2515] update_title_pos
[2019-04-01 11:24:35] DEBUG [_update_title_position: _base.py, 2515] update_title_pos
[2019-04-01 11:24:35] DEBUG [_update_title_position: _base.py, 2515] update_title_pos
[2019-04-01 11:24:35] DEBUG [_update_title_position: _base.py, 2515] update_title_pos
[2019-04-01 11:24:35] DEBUG [_update_title_position: _base.py, 2515] update_title_pos
[2019-04-01 11:24:35] DEBUG [_update_title_position: _base.py, 2515] update_title_pos
[2019-04-01 11:24:36] DEBUG [_update_title_position: _base.py, 2515] update_title_pos
[2019-04-01 11:24:36] DEBUG [_update_title_position: _base.py, 2515] update_title_pos
[2019-04-01 11:24:36] DEBUG [_update_title_position: _base.py, 2515] update_title_pos
[2019-04-01 11:24:36] DEBUG [_update_title_position: _base.py, 2515] update_title_pos
[2019-04-01 11:24:36] DEBUG [_update_title_position: _base.py, 2515] update_title_pos
[2019-04-01 11:24:36] DEBUG [_update_title_position: _base.py, 2515] update_title_pos
[2019-04-01 11:24:36] DEBUG [_update_title_position: _base.py, 2515] update_title_pos
[2019-04-01 11:24:36] DEBUG [_update_title_position: _base.py, 2515] update_title_pos
[2019-04-01 11:24:36] DEBUG [_update_title_position: _base.py, 2515] update_title_pos
[2019-04-01 11:24:36] DEBUG [_update_title_position: _base.py, 2515] update_title_pos
[2019-04-01 11:24:36] DEBUG [_update_title_position: _base.py, 2515] update_title_pos
[2019-04-01 11:24:36] DEBUG [_update_title_position: _base.py, 2515] update_title_pos
[2019-04-01 11:24:36] DEBUG [_update_title_position: _base.py, 2515] update_title_pos
[2019-04-01 11:24:36] DEBUG [_update_title_position: _base.py, 2515] update_title_pos
[2019-04-01 11:24:36] DEBUG [_update_title_position: _base.py, 2515] update_title_pos
[2019-04-01 11:24:36] DEBUG [_update_title_position: _base.py, 2515] update_title_pos
[2019-04-01 11:24:37] DEBUG [_update_title_position: _base.py, 2515] update_title_pos
[2019-04-01 11:24:37] DEBUG [_update_title_position: _base.py, 2515] update_title_pos
[2019-04-01 11:24:37] DEBUG [_update_title_position: _base.py, 2515] update_title_pos
[2019-04-01 11:24:37] DEBUG [_update_title_position: _base.py, 2515] update_title_pos
[2019-04-01 11:24:37] DEBUG [_update_title_position: _base.py, 2515] update_title_pos
[2019-04-01 11:24:37] DEBUG [_update_title_position: _base.py, 2515] update_title_pos
[2019-04-01 11:24:37] DEBUG [_update_title_position: _base.py, 2515] update_title_pos
[2019-04-01 11:24:37] DEBUG [_update_title_position: _base.py, 2515] update_title_pos
[2019-04-01 11:24:37] DEBUG [_update_title_position: _base.py, 2515] update_title_pos
[2019-04-01 11:24:37] DEBUG [_update_title_position: _base.py, 2515] update_title_pos
[2019-04-01 11:24:37] DEBUG [_update_title_position: _base.py, 2515] update_title_pos
[2019-04-01 11:24:37] DEBUG [_update_title_position: _base.py, 2515] update_title_pos
[2019-04-01 11:24:37] DEBUG [_update_title_position: _base.py, 2515] update_title_pos
[2019-04-01 11:24:37] DEBUG [_update_title_position: _base.py, 2515] update_title_pos
[2019-04-01 11:24:37] DEBUG [_update_title_position: _base.py, 2515] update_title_pos
[2019-04-01 11:24:37] DEBUG [_update_title_position: _base.py, 2515] update_title_pos
[2019-04-01 11:24:37] DEBUG [_update_title_position: _base.py, 2515] update_title_pos
[2019-04-01 11:24:37] DEBUG [_update_title_position: _base.py, 2515] update_title_pos
[2019-04-01 11:24:37] DEBUG [_update_title_position: _base.py, 2515] update_title_pos
[2019-04-01 11:24:37] DEBUG [_update_title_position: _base.py, 2515] update_title_pos
[2019-04-01 11:24:37] DEBUG [_update_title_position: _base.py, 2515] update_title_pos
[2019-04-01 11:24:37] DEBUG [_update_title_position: _base.py, 2515] update_title_pos
[2019-04-01 11:24:37] DEBUG [_update_title_position: _base.py, 2515] update_title_pos
[2019-04-01 11:24:37] DEBUG [_update_title_position: _base.py, 2515] update_title_pos
[2019-04-01 11:24:38] DEBUG [_update_title_position: _base.py, 2515] update_title_pos
[2019-04-01 11:24:38] DEBUG [_update_title_position: _base.py, 2515] update_title_pos
[2019-04-01 11:24:38] DEBUG [_update_title_position: _base.py, 2515] update_title_pos
[2019-04-01 11:24:38] DEBUG [_update_title_position: _base.py, 2515] update_title_pos
[2019-04-01 11:24:38] DEBUG [_update_title_position: _base.py, 2515] update_title_pos
[2019-04-01 11:24:38] DEBUG [_update_title_position: _base.py, 2515] update_title_pos
[2019-04-01 11:24:38] DEBUG [_update_title_position: _base.py, 2515] update_title_pos
[2019-04-01 11:24:38] DEBUG [_update_title_position: _base.py, 2515] update_title_pos
[2019-04-01 11:24:38] DEBUG [_update_title_position: _base.py, 2515] update_title_pos
[2019-04-01 11:24:38] DEBUG [_update_title_position: _base.py, 2515] update_title_pos
[2019-04-01 11:24:38] DEBUG [_update_title_position: _base.py, 2515] update_title_pos
[2019-04-01 11:24:38] DEBUG [_update_title_position: _base.py, 2515] update_title_pos
[2019-04-01 13:15:37] INFO [main: CodeCraft-2019.py, 39] car_path is ../config1/car.txt
[2019-04-01 13:15:37] INFO [main: CodeCraft-2019.py, 40] road_path is ../config1/road.txt
[2019-04-01 13:15:37] INFO [main: CodeCraft-2019.py, 41] cross_path is ../config1/cross.txt
[2019-04-01 13:15:37] INFO [main: CodeCraft-2019.py, 42] preset_answer_path is ../config1/presetAnswer.txt
[2019-04-01 13:15:37] INFO [main: CodeCraft-2019.py, 43] answer_path is ../config1/answer.txt
